<?xml version="1.0" encoding="UTF-8"?>
<!-- Generated by org.testng.reporters.JUnitReportReporter -->
<testsuite skipped="0" hostname="sa-PC" name="com.kerb.test.Scenarios.HomePageTest" tests="1" failures="0" timestamp="17 Jan 2019 08:06:08 GMT" time="33.546" errors="0">
  <testcase name="HomeTest" time="33.546" classname="com.kerb.test.Scenarios.HomePageTest"/>
</testsuite> <!-- com.kerb.test.Scenarios.HomePageTest -->
