<?xml version="1.0" encoding="UTF-8"?>
<!-- Generated by org.testng.reporters.JUnitReportReporter -->
<testsuite skipped="0" hostname="sa-PC" name="com.kerb.test.Scenarios.RouteToFindSpace_LeaseSpace_Bookings" tests="1" failures="0" timestamp="17 Jan 2019 08:06:08 GMT" time="34.593" errors="0">
  <testcase name="routeToFindSpace_LeaseSpace_Bookings" time="34.593" classname="com.kerb.test.Scenarios.RouteToFindSpace_LeaseSpace_Bookings"/>
</testsuite> <!-- com.kerb.test.Scenarios.RouteToFindSpace_LeaseSpace_Bookings -->
